d:\_projects\_3dengineprojects\basic3dengine\basic-3d-engine\game\x64\debug\game.res
d:\_projects\_3dengineprojects\basic3dengine\basic-3d-engine\game\x64\debug\vc143.pdb
d:\_projects\_3dengineprojects\basic3dengine\basic-3d-engine\game\x64\debug\vc143.idb
d:\_projects\_3dengineprojects\basic3dengine\basic-3d-engine\game\x64\debug\game.obj
d:\_projects\_3dengineprojects\basic3dengine\basic-3d-engine\game\x64\debug\game.ilk
d:\_projects\_3dengineprojects\basic3dengine\basic-3d-engine\x64\debug\game.pdb
d:\_projects\_3dengineprojects\basic3dengine\basic-3d-engine\game\x64\debug\game.tlog\link.secondary.1.tlog
d:\_projects\_3dengineprojects\basic3dengine\basic-3d-engine\game\x64\debug\game.tlog\cl.items.tlog
d:\_projects\_3dengineprojects\basic3dengine\basic-3d-engine\game\x64\debug\game.tlog\cl.command.1.tlog
d:\_projects\_3dengineprojects\basic3dengine\basic-3d-engine\game\x64\debug\game.tlog\link.command.1.tlog
d:\_projects\_3dengineprojects\basic3dengine\basic-3d-engine\game\x64\debug\game.tlog\link.write.1.tlog
d:\_projects\_3dengineprojects\basic3dengine\basic-3d-engine\game\x64\debug\game.tlog\rc.write.1.tlog
d:\_projects\_3dengineprojects\basic3dengine\basic-3d-engine\game\x64\debug\game.tlog\link.read.1.tlog
d:\_projects\_3dengineprojects\basic3dengine\basic-3d-engine\game\x64\debug\game.tlog\rc.command.1.tlog
d:\_projects\_3dengineprojects\basic3dengine\basic-3d-engine\game\x64\debug\game.tlog\rc.read.1.tlog
d:\_projects\_3dengineprojects\basic3dengine\basic-3d-engine\game\x64\debug\game.tlog\cl.read.1.tlog
d:\_projects\_3dengineprojects\basic3dengine\basic-3d-engine\game\x64\debug\game.tlog\cl.write.1.tlog
d:\_projects\_3dengineprojects\basic3dengine\basic-3d-engine\game\x64\debug\game.tlog\link-rc.read.1.tlog
d:\_projects\_3dengineprojects\basic3dengine\basic-3d-engine\game\x64\debug\game.tlog\link-rc.write.1.tlog
d:\_projects\_3dengineprojects\basic3dengine\basic-3d-engine\game\x64\debug\game.tlog\link-cvtres.read.1.tlog
d:\_projects\_3dengineprojects\basic3dengine\basic-3d-engine\game\x64\debug\game.tlog\link-cvtres.write.1.tlog
d:\_projects\_3dengineprojects\basic3dengine\basic-3d-engine\game\x64\debug\game.tlog\link.read.13.tlog
d:\_projects\_3dengineprojects\basic3dengine\basic-3d-engine\game\x64\debug\game.tlog\link.read.2.tlog
