d:\_projects\_3dengineprojects\basic3dengine\basic-3d-engine\x64\debug\library.lib
d:\_projects\_3dengineprojects\basic3dengine\basic-3d-engine\library\x64\debug\library.pch
d:\_projects\_3dengineprojects\basic3dengine\basic-3d-engine\x64\debug\library.pdb
d:\_projects\_3dengineprojects\basic3dengine\basic-3d-engine\x64\debug\library.idb
d:\_projects\_3dengineprojects\basic3dengine\basic-3d-engine\library\x64\debug\pch.obj
d:\_projects\_3dengineprojects\basic3dengine\basic-3d-engine\library\x64\debug\utils.obj
d:\_projects\_3dengineprojects\basic3dengine\basic-3d-engine\library\x64\debug\player.obj
d:\_projects\_3dengineprojects\basic3dengine\basic-3d-engine\library\x64\debug\mesh.obj
d:\_projects\_3dengineprojects\basic3dengine\basic-3d-engine\library\x64\debug\stereo3dmatrixhelper.obj
d:\_projects\_3dengineprojects\basic3dengine\basic-3d-engine\library\x64\debug\directxshd3d12.obj
d:\_projects\_3dengineprojects\basic3dengine\basic-3d-engine\library\x64\debug\directxshd3d11.obj
d:\_projects\_3dengineprojects\basic3dengine\basic-3d-engine\library\x64\debug\directxsh.obj
d:\_projects\_3dengineprojects\basic3dengine\basic-3d-engine\library\x64\debug\light.obj
d:\_projects\_3dengineprojects\basic3dengine\basic-3d-engine\library\x64\debug\texture.obj
d:\_projects\_3dengineprojects\basic3dengine\basic-3d-engine\library\x64\debug\shader.obj
d:\_projects\_3dengineprojects\basic3dengine\basic-3d-engine\library\x64\debug\jpgd.obj
d:\_projects\_3dengineprojects\basic3dengine\basic-3d-engine\library\x64\debug\entity.obj
d:\_projects\_3dengineprojects\basic3dengine\basic-3d-engine\library\x64\debug\camera.obj
d:\_projects\_3dengineprojects\basic3dengine\basic-3d-engine\library\x64\debug\renderer.obj
d:\_projects\_3dengineprojects\basic3dengine\basic-3d-engine\library\x64\debug\d3dtexture.obj
d:\_projects\_3dengineprojects\basic3dengine\basic-3d-engine\library\x64\debug\d3d11graphicsapi.obj
d:\_projects\_3dengineprojects\basic3dengine\basic-3d-engine\library\x64\debug\library.tlog\lib-link.read.1.tlog
d:\_projects\_3dengineprojects\basic3dengine\basic-3d-engine\library\x64\debug\library.tlog\lib-link.write.1.tlog
d:\_projects\_3dengineprojects\basic3dengine\basic-3d-engine\library\x64\debug\library.tlog\cl.items.tlog
d:\_projects\_3dengineprojects\basic3dengine\basic-3d-engine\library\x64\debug\library.tlog\lib.command.1.tlog
d:\_projects\_3dengineprojects\basic3dengine\basic-3d-engine\library\x64\debug\library.tlog\cl.command.1.tlog
d:\_projects\_3dengineprojects\basic3dengine\basic-3d-engine\library\x64\debug\library.tlog\cl.read.1.tlog
d:\_projects\_3dengineprojects\basic3dengine\basic-3d-engine\library\x64\debug\library.tlog\cl.write.1.tlog
